<?xml version="1.0" encoding="UTF-8"?>
<!-- Generated by org.testng.reporters.JUnitReportReporter -->
<testsuite hostname="LAPTOP-GAUPM6CM" failures="0" tests="1" name="regression.ValidateLogin" time="6.978" errors="0" timestamp="2024-10-27T21:35:05 IST" skipped="0">
  <testcase classname="regression.ValidateLogin" name="validateLoginTest" time="6.978"/>
</testsuite> <!-- regression.ValidateLogin -->
